2023-05-03 10:20:00,263 [INFO] Activator:179 - 


2023-05-03 10:20:00,266 [INFO] Activator:180 - !SESSION log4j initialized
2023-05-03 10:20:29,932 [ERROR] LogOutputStream:74 - [STDERR_REDIRECT] SLF4J: Failed to load class "org.slf4j.impl.StaticLoggerBinder".
2023-05-03 10:20:29,932 [ERROR] LogOutputStream:74 - [STDERR_REDIRECT] SLF4J: Defaulting to no-operation (NOP) logger implementation
2023-05-03 10:20:29,940 [ERROR] LogOutputStream:74 - [STDERR_REDIRECT] SLF4J: See http://www.slf4j.org/codes.html#StaticLoggerBinder for further details.
2023-05-03 10:20:44,214 [INFO] McuFinderGlobals:52 - Set McuFinder mode to 2 (CubeIDE integrated)
2023-05-03 10:20:44,450 [INFO] ApplicationProperties:181 - Using Application install path: C:\ST\STM32CubeIDE_1.11.2\STM32CubeIDE\plugins\com.st.stm32cube.common.mx_6.7.0.202301130839
2023-05-03 10:20:44,467 [INFO] DbMcusXml:77 - Set database path to: C:\ST\STM32CubeIDE_1.11.2\STM32CubeIDE\plugins\com.st.stm32cube.common.mx_6.7.0.202301130839\\db\/mcu/
2023-05-03 10:20:44,470 [INFO] ApiDb:273 - Set plugin database path to: C:\ST\STM32CubeIDE_1.11.2\STM32CubeIDE\plugins\com.st.stm32cube.common.mx_6.7.0.202301130839\\db\/plugins/boardmanager/
2023-05-03 10:20:44,472 [WARN] ApiDb:258 - Overriding images path with different value:  => C:\ST\STM32CubeIDE_1.11.2\STM32CubeIDE\plugins\com.st.stm32cube.common.mx_6.7.0.202301130839\\db\/plugins/mcufinder/images/
2023-05-03 10:20:44,482 [INFO] ApiDb:249 - Set database path to: C:\Users\acer\.stmcufinder\plugins\mcufinder//mcu/
2023-05-03 10:20:44,488 [INFO] DbMcusAds:124 - Set database path to: C:\Users\acer\.stmcufinder\plugins\mcufinder//mcu/
2023-05-03 10:20:44,498 [INFO] CrossReferenceDbSqlite:202 - Set database path to: C:\Users\acer\.stmcufinder\plugins\mcufinder//mcu/cs/
2023-05-03 10:20:44,587 [INFO] RulesReader:61 - Compatibility file has been processed (283 Rules)
2023-05-03 10:20:44,717 [INFO] DbMcusXml:77 - Set database path to: C:\ST\STM32CubeIDE_1.11.2\STM32CubeIDE\plugins\com.st.stm32cube.common.mx_6.7.0.202301130839\\db\/mcu/
2023-05-03 10:20:44,717 [INFO] ApiDb:273 - Set plugin database path to: C:\ST\STM32CubeIDE_1.11.2\STM32CubeIDE\plugins\com.st.stm32cube.common.mx_6.7.0.202301130839\\db\/plugins/boardmanager/
2023-05-03 10:20:44,717 [INFO] ApiDb:260 - Set plugin images path to: C:\ST\STM32CubeIDE_1.11.2\STM32CubeIDE\plugins\com.st.stm32cube.common.mx_6.7.0.202301130839\\db\/plugins/mcufinder/images/
2023-05-03 10:20:44,722 [WARN] DbFile:40 - Overriding database path with different value: C:\Users\acer\.stmcufinder\plugins\mcufinder/ => C:\Users\acer\.stmcufinder\plugins\mcufinder
2023-05-03 10:20:44,722 [INFO] ApiDb:249 - Set database path to: C:\Users\acer\.stmcufinder\plugins\mcufinder//mcu/
2023-05-03 10:20:44,722 [WARN] DbFile:40 - Overriding database path with different value: C:\Users\acer\.stmcufinder\plugins\mcufinder/ => C:\Users\acer\.stmcufinder\plugins\mcufinder
2023-05-03 10:20:44,722 [INFO] DbMcusAds:124 - Set database path to: C:\Users\acer\.stmcufinder\plugins\mcufinder//mcu/
2023-05-03 10:20:44,722 [WARN] DbFile:40 - Overriding database path with different value: C:\Users\acer\.stmcufinder\plugins\mcufinder/ => C:\Users\acer\.stmcufinder\plugins\mcufinder
2023-05-03 10:20:44,722 [WARN] DbFile:40 - Overriding database path with different value: C:\Users\acer\.stmcufinder\plugins\mcufinder/ => C:\Users\acer\.stmcufinder\plugins\mcufinder
2023-05-03 10:20:44,722 [INFO] CrossReferenceDbSqlite:202 - Set database path to: C:\Users\acer\.stmcufinder\plugins\mcufinder//mcu/cs/
2023-05-03 10:20:44,796 [INFO] MainPanel:252 - HeapMemory: 268435456
2023-05-03 10:20:44,905 [INFO] DbMcusXml:77 - Set database path to: C:\ST\STM32CubeIDE_1.11.2\STM32CubeIDE\plugins\com.st.stm32cube.common.mx_6.7.0.202301130839\\db\/mcu/
2023-05-03 10:20:44,905 [INFO] ApiDb:273 - Set plugin database path to: C:\ST\STM32CubeIDE_1.11.2\STM32CubeIDE\plugins\com.st.stm32cube.common.mx_6.7.0.202301130839\\db\/plugins/boardmanager/
2023-05-03 10:20:44,905 [INFO] ApiDb:260 - Set plugin images path to: C:\ST\STM32CubeIDE_1.11.2\STM32CubeIDE\plugins\com.st.stm32cube.common.mx_6.7.0.202301130839\\db\/plugins/mcufinder/images/
2023-05-03 10:20:44,905 [WARN] DbFile:40 - Overriding database path with different value: C:\Users\acer\.stmcufinder\plugins\mcufinder/ => C:\Users\acer\.stmcufinder\plugins\mcufinder
2023-05-03 10:20:44,905 [INFO] ApiDb:249 - Set database path to: C:\Users\acer\.stmcufinder\plugins\mcufinder//mcu/
2023-05-03 10:20:44,905 [WARN] DbFile:40 - Overriding database path with different value: C:\Users\acer\.stmcufinder\plugins\mcufinder/ => C:\Users\acer\.stmcufinder\plugins\mcufinder
2023-05-03 10:20:44,907 [INFO] DbMcusAds:124 - Set database path to: C:\Users\acer\.stmcufinder\plugins\mcufinder//mcu/
2023-05-03 10:20:44,907 [WARN] DbFile:40 - Overriding database path with different value: C:\Users\acer\.stmcufinder\plugins\mcufinder/ => C:\Users\acer\.stmcufinder\plugins\mcufinder
2023-05-03 10:20:44,907 [WARN] DbFile:40 - Overriding database path with different value: C:\Users\acer\.stmcufinder\plugins\mcufinder/ => C:\Users\acer\.stmcufinder\plugins\mcufinder
2023-05-03 10:20:44,907 [INFO] CrossReferenceDbSqlite:202 - Set database path to: C:\Users\acer\.stmcufinder\plugins\mcufinder//mcu/cs/
2023-05-03 10:20:44,946 [INFO] ApplicationProperties:181 - Using Application install path: C:\ST\STM32CubeIDE_1.11.2\STM32CubeIDE\plugins\com.st.stm32cube.common.mx_6.7.0.202301130839
2023-05-03 10:20:44,946 [INFO] PluginManage:193 - Search for loadable plugins [exclusion list=, ]
2023-05-03 10:20:44,946 [INFO] PluginManage:307 - Check plugin analytics
2023-05-03 10:20:50,024 [INFO] AnalyticsPlugin:262 - Accepted Software Licenses: 
2023-05-03 10:20:50,026 [INFO] AnalyticsPlugin:264 - Accepted CMSIS Pack Licenses: 
2023-05-03 10:20:50,026 [INFO] AnalyticsPlugin:266 - Accepted Firmware Licenses: 
2023-05-03 10:20:50,033 [INFO] PluginManage:356 - Loaded plugin analytics (category:tool,tabindex:-1)
2023-05-03 10:20:50,033 [INFO] PluginManage:307 - Check plugin cadmodel
2023-05-03 10:20:50,039 [INFO] CADModel:104 - Init CAD model plugin
2023-05-03 10:20:50,039 [INFO] PluginManage:356 - Loaded plugin cadmodel (category:power,tabindex:5)
2023-05-03 10:20:50,039 [INFO] PluginManage:307 - Check plugin clock
2023-05-03 10:20:50,050 [INFO] PluginManage:356 - Loaded plugin clock (category:base,tabindex:2)
2023-05-03 10:20:50,050 [INFO] PluginManage:307 - Check plugin ddr
2023-05-03 10:20:50,053 [INFO] PluginManage:356 - Loaded plugin ddr (category:tool,tabindex:6)
2023-05-03 10:20:50,053 [INFO] PluginManage:307 - Check plugin filemanager
2023-05-03 10:20:50,172 [INFO] PluginManage:356 - Loaded plugin filemanager (category:base,tabindex:10)
2023-05-03 10:20:50,172 [INFO] PluginManage:307 - Check plugin ipmanager
2023-05-03 10:20:50,188 [INFO] PluginManage:356 - Loaded plugin ipmanager (category:base,tabindex:5)
2023-05-03 10:20:50,188 [INFO] PluginManage:307 - Check plugin lpbam
2023-05-03 10:20:50,193 [INFO] PluginManage:356 - Loaded plugin lpbam (category:base,tabindex:0)
2023-05-03 10:20:50,193 [INFO] PluginManage:307 - Check plugin pinoutandconfiguration
2023-05-03 10:20:50,204 [INFO] PluginManage:356 - Loaded plugin pinoutandconfiguration (category:base,tabindex:1)
2023-05-03 10:20:50,204 [INFO] PluginManage:307 - Check plugin pinoutconfig
2023-05-03 10:20:50,240 [INFO] PluginManage:356 - Loaded plugin pinoutconfig (category:base,tabindex:0)
2023-05-03 10:20:50,240 [INFO] PluginManage:307 - Check plugin power
2023-05-03 10:20:50,252 [INFO] PluginManage:356 - Loaded plugin power (category:power,tabindex:4)
2023-05-03 10:20:50,252 [INFO] PluginManage:307 - Check plugin projectmanager
2023-05-03 10:20:50,265 [INFO] PluginManage:356 - Loaded plugin projectmanager (category:projectmanager,tabindex:3)
2023-05-03 10:20:50,265 [INFO] PluginManage:307 - Check plugin thirdparty
2023-05-03 10:20:50,416 [INFO] PluginManage:356 - Loaded plugin thirdparty (category:base,tabindex:-1)
2023-05-03 10:20:50,420 [WARN] IntegrityCheckThread:82 - waiting for thirdparty lock release [integrity check]
2023-05-03 10:20:50,420 [INFO] PluginManage:307 - Check plugin tools
2023-05-03 10:20:50,420 [INFO] IntegrityCheckThread:84 - entering critical section [integrity check]
2023-05-03 10:20:50,422 [INFO] ThirdPartyUpdaterWithRetryManager:70 - Updater plugin not ready yet. [1/15]
2023-05-03 10:20:50,422 [INFO] PluginManage:356 - Loaded plugin tools (category:base,tabindex:7)
2023-05-03 10:20:50,422 [INFO] PluginManage:307 - Check plugin tutovideos
2023-05-03 10:20:50,623 [INFO] PluginManage:356 - Loaded plugin tutovideos (category:base,tabindex:-1)
2023-05-03 10:20:50,623 [INFO] PluginManage:307 - Check plugin updater
2023-05-03 10:20:50,642 [INFO] PluginManage:356 - Loaded plugin updater (category:base,tabindex:12)
2023-05-03 10:20:50,644 [INFO] PluginManage:280 - PluginManage : Loaded plugins [15]
2023-05-03 10:20:50,926 [INFO] PinOutPanel:1477 - setPackage(No Configuration,No Configuration)
2023-05-03 10:20:51,042 [INFO] CADModel:164 - CPN selected for project level
2023-05-03 10:20:51,042 [INFO] CADModel:113 - Register for checkConnection events
2023-05-03 10:20:51,061 [INFO] IPUIPlugin:79 - create IPUIPlugin
2023-05-03 10:20:51,061 [INFO] PluginManager:219 - loadIPPluginJar : add adc
2023-05-03 10:20:51,064 [INFO] IPUIPlugin:79 - create IPUIPlugin
2023-05-03 10:20:51,064 [INFO] PluginManager:219 - loadIPPluginJar : add aes
2023-05-03 10:20:51,067 [INFO] IPUIPlugin:79 - create IPUIPlugin
2023-05-03 10:20:51,067 [INFO] PluginManager:219 - loadIPPluginJar : add can
2023-05-03 10:20:51,067 [INFO] IPUIPlugin:79 - create IPUIPlugin
2023-05-03 10:20:51,069 [INFO] PluginManager:219 - loadIPPluginJar : add comp
2023-05-03 10:20:51,071 [INFO] IPUIPlugin:79 - create IPUIPlugin
2023-05-03 10:20:51,071 [INFO] PluginManager:219 - loadIPPluginJar : add cryp
2023-05-03 10:20:51,074 [INFO] IPUIPlugin:79 - create IPUIPlugin
2023-05-03 10:20:51,074 [INFO] PluginManager:219 - loadIPPluginJar : add dfsdm
2023-05-03 10:20:51,080 [INFO] IPUIPlugin:79 - create IPUIPlugin
2023-05-03 10:20:51,080 [INFO] PluginManager:219 - loadIPPluginJar : add dma
2023-05-03 10:20:51,082 [INFO] IPUIPlugin:79 - create IPUIPlugin
2023-05-03 10:20:51,082 [INFO] PluginManager:219 - loadIPPluginJar : add dma3
2023-05-03 10:20:51,083 [INFO] IPUIPlugin:79 - create IPUIPlugin
2023-05-03 10:20:51,083 [INFO] PluginManager:219 - loadIPPluginJar : add fatfs
2023-05-03 10:20:51,088 [INFO] IPUIPlugin:79 - create IPUIPlugin
2023-05-03 10:20:51,088 [INFO] PluginManager:219 - loadIPPluginJar : add fmc
2023-05-03 10:20:51,095 [INFO] IPUIPlugin:79 - create IPUIPlugin
2023-05-03 10:20:51,095 [INFO] PluginManager:219 - loadIPPluginJar : add freertos
2023-05-03 10:20:51,095 [INFO] IPUIPlugin:79 - create IPUIPlugin
2023-05-03 10:20:51,095 [INFO] PluginManager:219 - loadIPPluginJar : add genericplugin
2023-05-03 10:20:51,099 [INFO] IPUIPlugin:79 - create IPUIPlugin
2023-05-03 10:20:51,099 [INFO] PluginManager:219 - loadIPPluginJar : add gfxmmu
2023-05-03 10:20:51,104 [INFO] IPUIPlugin:79 - create IPUIPlugin
2023-05-03 10:20:51,105 [INFO] PluginManager:219 - loadIPPluginJar : add gic
2023-05-03 10:20:51,110 [INFO] IPUIPlugin:79 - create IPUIPlugin
2023-05-03 10:20:51,110 [INFO] PluginManager:219 - loadIPPluginJar : add gpio
2023-05-03 10:20:51,113 [INFO] IPUIPlugin:79 - create IPUIPlugin
2023-05-03 10:20:51,113 [INFO] PluginManager:219 - loadIPPluginJar : add gtzc
2023-05-03 10:20:51,115 [INFO] IPUIPlugin:79 - create IPUIPlugin
2023-05-03 10:20:51,115 [INFO] PluginManager:219 - loadIPPluginJar : add hash
2023-05-03 10:20:51,118 [INFO] IPUIPlugin:79 - create IPUIPlugin
2023-05-03 10:20:51,118 [INFO] PluginManager:219 - loadIPPluginJar : add i2c
2023-05-03 10:20:51,121 [INFO] IPUIPlugin:79 - create IPUIPlugin
2023-05-03 10:20:51,122 [INFO] PluginManager:219 - loadIPPluginJar : add i2s
2023-05-03 10:20:51,122 [INFO] IPUIPlugin:79 - create IPUIPlugin
2023-05-03 10:20:51,122 [INFO] PluginManager:219 - loadIPPluginJar : add ipddr
2023-05-03 10:20:51,132 [INFO] IPUIPlugin:79 - create IPUIPlugin
2023-05-03 10:20:51,132 [INFO] PluginManager:219 - loadIPPluginJar : add linkedlist
2023-05-03 10:20:51,135 [INFO] IPUIPlugin:79 - create IPUIPlugin
2023-05-03 10:20:51,135 [INFO] PluginManager:219 - loadIPPluginJar : add lorawan
2023-05-03 10:20:51,135 [INFO] IPUIPlugin:79 - create IPUIPlugin
2023-05-03 10:20:51,135 [INFO] PluginManager:219 - loadIPPluginJar : add ltdc
2023-05-03 10:20:51,144 [INFO] IPUIPlugin:79 - create IPUIPlugin
2023-05-03 10:20:51,144 [INFO] PluginManager:219 - loadIPPluginJar : add mdma
2023-05-03 10:20:51,148 [INFO] IPUIPlugin:79 - create IPUIPlugin
2023-05-03 10:20:51,148 [INFO] PluginManager:219 - loadIPPluginJar : add nvic
2023-05-03 10:20:51,151 [INFO] IPUIPlugin:79 - create IPUIPlugin
2023-05-03 10:20:51,151 [INFO] PluginManager:219 - loadIPPluginJar : add opamp
2023-05-03 10:20:51,155 [INFO] IPUIPlugin:79 - create IPUIPlugin
2023-05-03 10:20:51,156 [INFO] PluginManager:219 - loadIPPluginJar : add openamp
2023-05-03 10:20:51,159 [INFO] IPUIPlugin:79 - create IPUIPlugin
2023-05-03 10:20:51,159 [INFO] PluginManager:219 - loadIPPluginJar : add pdm2pcm
2023-05-03 10:20:51,165 [INFO] IPUIPlugin:79 - create IPUIPlugin
2023-05-03 10:20:51,168 [INFO] PluginManager:219 - loadIPPluginJar : add plateformsettings
2023-05-03 10:20:51,169 [INFO] IPUIPlugin:79 - create IPUIPlugin
2023-05-03 10:20:51,169 [INFO] PluginManager:219 - loadIPPluginJar : add quadspi
2023-05-03 10:20:51,175 [INFO] IPUIPlugin:79 - create IPUIPlugin
2023-05-03 10:20:51,175 [INFO] PluginManager:219 - loadIPPluginJar : add resmgrutility
2023-05-03 10:20:51,176 [INFO] IPUIPlugin:79 - create IPUIPlugin
2023-05-03 10:20:51,176 [INFO] PluginManager:219 - loadIPPluginJar : add sai
2023-05-03 10:20:51,179 [INFO] IPUIPlugin:79 - create IPUIPlugin
2023-05-03 10:20:51,179 [INFO] PluginManager:219 - loadIPPluginJar : add spi
2023-05-03 10:20:51,182 [INFO] IPUIPlugin:79 - create IPUIPlugin
2023-05-03 10:20:51,182 [INFO] PluginManager:219 - loadIPPluginJar : add stm32_wpan
2023-05-03 10:20:51,185 [INFO] IPUIPlugin:79 - create IPUIPlugin
2023-05-03 10:20:51,185 [INFO] PluginManager:219 - loadIPPluginJar : add tim
2023-05-03 10:20:51,188 [INFO] IPUIPlugin:79 - create IPUIPlugin
2023-05-03 10:20:51,188 [INFO] PluginManager:219 - loadIPPluginJar : add touchsensing
2023-05-03 10:20:51,192 [INFO] IPUIPlugin:79 - create IPUIPlugin
2023-05-03 10:20:51,192 [INFO] PluginManager:219 - loadIPPluginJar : add tracer_emb
2023-05-03 10:20:51,194 [INFO] IPUIPlugin:79 - create IPUIPlugin
2023-05-03 10:20:51,194 [INFO] PluginManager:219 - loadIPPluginJar : add ts
2023-05-03 10:20:51,196 [INFO] IPUIPlugin:79 - create IPUIPlugin
2023-05-03 10:20:51,196 [INFO] PluginManager:219 - loadIPPluginJar : add tsc
2023-05-03 10:20:51,196 [INFO] IPUIPlugin:79 - create IPUIPlugin
2023-05-03 10:20:51,196 [INFO] PluginManager:219 - loadIPPluginJar : add ucpd
2023-05-03 10:20:51,201 [INFO] IPUIPlugin:79 - create IPUIPlugin
2023-05-03 10:20:51,201 [INFO] PluginManager:219 - loadIPPluginJar : add usart
2023-05-03 10:20:51,203 [INFO] IPUIPlugin:79 - create IPUIPlugin
2023-05-03 10:20:51,205 [INFO] PluginManager:219 - loadIPPluginJar : add usbx
2023-05-03 10:20:51,353 [INFO] CADModel:164 - CPN selected for project level
2023-05-03 10:20:51,353 [INFO] CADModel:113 - Register for checkConnection events
2023-05-03 10:20:51,353 [FATAL] Updater:308 - Updater called before beeing initialized
2023-05-03 10:20:51,354 [ERROR] CADModel:124 - Updater not yet initialized, retry later 
2023-05-03 10:20:51,494 [INFO] CADModel:164 - CPN selected for project level
2023-05-03 10:20:51,494 [INFO] CADModel:113 - Register for checkConnection events
2023-05-03 10:20:51,494 [FATAL] Updater:308 - Updater called before beeing initialized
2023-05-03 10:20:51,494 [ERROR] CADModel:124 - Updater not yet initialized, retry later 
2023-05-03 10:20:51,499 [FATAL] Updater:308 - Updater called before beeing initialized
2023-05-03 10:20:51,626 [FATAL] Updater:308 - Updater called before beeing initialized
2023-05-03 10:20:51,634 [INFO] DbMcusAds:52 - JSON generation date=Tue Mar 07 14:35:55 NPT 2023 (1678179055335)
2023-05-03 10:20:51,634 [FATAL] Updater:308 - Updater called before beeing initialized
2023-05-03 10:20:51,689 [WARN] DetailPanel:344 - Failed to get advertising image, set to default
2023-05-03 10:20:51,810 [FATAL] Updater:308 - Updater called before beeing initialized
2023-05-03 10:20:51,810 [FATAL] Updater:308 - Updater called before beeing initialized
2023-05-03 10:20:51,810 [FATAL] Updater:308 - Updater called before beeing initialized
2023-05-03 10:20:51,810 [WARN] DetailPanel:344 - Failed to get advertising image, set to default
2023-05-03 10:20:51,825 [FATAL] Updater:308 - Updater called before beeing initialized
2023-05-03 10:20:51,875 [ERROR] Updater:1120 - MainUpdater not yet initialized. External WinMGr cannot be set.
2023-05-03 10:20:51,875 [INFO] Updater:1056 - Updater Version found : 6.7.0
2023-05-03 10:20:51,889 [INFO] ApplicationProperties:181 - Using Application install path: C:\ST\STM32CubeIDE_1.11.2\STM32CubeIDE\plugins\com.st.stm32cube.common.mx_6.7.0.202301130839
2023-05-03 10:20:52,272 [INFO] MainUpdater:2800 - connection check result : 10
2023-05-03 10:20:52,272 [INFO] MainUpdater:3494 - Updater definition file requires update
2023-05-03 10:20:52,273 [INFO] MainUpdater:282 - Updater Check For Update Now.
2023-05-03 10:20:52,274 [INFO] MicroXplorer:481 - Change Database Version : DB.6.0.70
2023-05-03 10:20:52,519 [INFO] ServerAccessManage:474 - Download File updaters.zip
2023-05-03 10:20:52,715 [INFO] FileExtend:239 - Unzip File : updaters.zip
2023-05-03 10:20:52,715 [INFO] FileExtend:254 - Standard Zip Deflate
2023-05-03 10:20:53,169 [INFO] ServerAccessManage:474 - Download File PacksControlFlags.xml
2023-05-03 10:20:53,326 [INFO] ServerAccessManage:474 - Download File cubemx.pidx
2023-05-03 10:20:53,438 [WARN] MainUpdater:1186 - Updater busy. Cannot search thirdparties
2023-05-03 10:20:53,438 [INFO] ThirdPartyUpdaterWithRetryManager:96 - Updater plugin is busy. [1/15]
2023-05-03 10:20:56,441 [WARN] MainUpdater:1186 - Updater busy. Cannot search thirdparties
2023-05-03 10:20:56,441 [INFO] ThirdPartyUpdaterWithRetryManager:96 - Updater plugin is busy. [2/15]
2023-05-03 10:20:56,615 [INFO] ServerAccessManage:474 - Download File STMicroelectronics.X-CUBE-MEMS1.pdsc
2023-05-03 10:20:59,450 [WARN] MainUpdater:1186 - Updater busy. Cannot search thirdparties
2023-05-03 10:20:59,450 [INFO] ThirdPartyUpdaterWithRetryManager:96 - Updater plugin is busy. [3/15]
2023-05-03 10:21:02,463 [WARN] MainUpdater:1186 - Updater busy. Cannot search thirdparties
2023-05-03 10:21:02,463 [INFO] ThirdPartyUpdaterWithRetryManager:96 - Updater plugin is busy. [4/15]
2023-05-03 10:21:05,474 [WARN] MainUpdater:1186 - Updater busy. Cannot search thirdparties
2023-05-03 10:21:05,474 [INFO] ThirdPartyUpdaterWithRetryManager:96 - Updater plugin is busy. [5/15]
2023-05-03 10:21:05,522 [INFO] ServerAccessManage:474 - Download File STMicroelectronics.X-CUBE-AZRTOS-G4.pdsc
2023-05-03 10:21:06,777 [WARN] PackLoader:242 - Cannot read IP mode file for STMicroelectronics.X-CUBE-MEMS1.9.6.0
2023-05-03 10:21:06,817 [INFO] CheckServerUpdateThread:119 - End of CheckServer Thread
2023-05-03 10:21:06,973 [INFO] MainUpdater:2800 - connection check result : 10
2023-05-03 10:21:07,005 [INFO] McuFinderGlobals:65 - Set McuFinderConnectedMode to true
2023-05-03 10:21:07,044 [WARN] PackLoader:242 - Cannot read IP mode file for STMicroelectronics.X-CUBE-AZRTOS-G4.2.0.0
2023-05-03 10:21:07,053 [INFO] PopulateThirdPartyThread:64 - Ending populate Thread
2023-05-03 10:21:07,061 [INFO] ThirdParty:999 - CMSIS Pack Vendor :STMicroelectronics X-CUBE-AZRTOS-G4 2.0.0
2023-05-03 10:21:07,063 [INFO] ThirdParty:999 - CMSIS Pack Vendor :STMicroelectronics X-CUBE-MEMS1 9.6.0
2023-05-03 10:21:07,065 [INFO] LoadServerUpdatesThread:367 - End of LoadServerUpdate Thread
2023-05-03 10:21:07,367 [INFO] ServerAccessManage:474 - Download File mcusAds.json._tmp_
2023-05-03 10:21:07,495 [INFO] LoadUrlFilesThread:150 - End of LoadUrlFiles Thread
2023-05-03 10:21:07,747 [INFO] ServerAccessManage:474 - Download File cube-finder-db.zip
2023-05-03 10:21:08,487 [WARN] MainUpdater:1186 - Updater busy. Cannot search thirdparties
2023-05-03 10:21:08,487 [INFO] ThirdPartyUpdaterWithRetryManager:96 - Updater plugin is busy. [6/15]
2023-05-03 10:21:11,489 [WARN] MainUpdater:1186 - Updater busy. Cannot search thirdparties
2023-05-03 10:21:11,489 [INFO] ThirdPartyUpdaterWithRetryManager:96 - Updater plugin is busy. [7/15]
2023-05-03 10:21:14,496 [WARN] MainUpdater:1186 - Updater busy. Cannot search thirdparties
2023-05-03 10:21:14,496 [INFO] ThirdPartyUpdaterWithRetryManager:96 - Updater plugin is busy. [8/15]
2023-05-03 10:21:17,502 [WARN] MainUpdater:1186 - Updater busy. Cannot search thirdparties
2023-05-03 10:21:17,502 [INFO] ThirdPartyUpdaterWithRetryManager:96 - Updater plugin is busy. [9/15]
2023-05-03 10:21:19,592 [INFO] FileExtend:239 - Unzip File : cube-finder-db.zip
2023-05-03 10:21:19,592 [INFO] FileExtend:254 - Standard Zip Deflate
2023-05-03 10:21:20,196 [INFO] LoadUrlFilesThread:150 - End of LoadUrlFiles Thread
2023-05-03 10:21:20,512 [WARN] MainUpdater:1186 - Updater busy. Cannot search thirdparties
2023-05-03 10:21:20,512 [INFO] ThirdPartyUpdaterWithRetryManager:96 - Updater plugin is busy. [10/15]
2023-05-03 10:21:21,400 [INFO] ServerAccessManage:474 - Download File crdb.zip
2023-05-03 10:21:22,699 [INFO] FileExtend:239 - Unzip File : crdb.zip
2023-05-03 10:21:22,699 [INFO] FileExtend:254 - Standard Zip Deflate
2023-05-03 10:21:22,829 [INFO] LoadUrlFilesThread:150 - End of LoadUrlFiles Thread
2023-05-03 10:21:22,986 [INFO] ServerAccessManage:474 - Download File tutoVideoDB.zip
2023-05-03 10:21:23,140 [INFO] FileExtend:239 - Unzip File : tutoVideoDB.zip
2023-05-03 10:21:23,142 [INFO] FileExtend:254 - Standard Zip Deflate
2023-05-03 10:21:23,258 [INFO] LoadUrlFilesThread:150 - End of LoadUrlFiles Thread
2023-05-03 10:21:23,268 [INFO] JxBrowserEngine:114 - Initiate JxBrowser Engine with user profile folder
2023-05-03 10:21:23,935 [WARN] PackLoader:242 - Cannot read IP mode file for STMicroelectronics.X-CUBE-GNSS1.6.0.0
2023-05-03 10:21:24,037 [WARN] PackLoader:242 - Cannot read IP mode file for STMicroelectronics.X-CUBE-AZRTOS-F4.1.1.0
2023-05-03 10:21:24,056 [WARN] PackLoader:242 - Cannot read IP mode file for STMicroelectronics.X-CUBE-SMBUS.2.1.0
2023-05-03 10:21:24,074 [WARN] PackLoader:242 - Cannot read IP mode file for STMicroelectronics.X-CUBE-AZRTOS-F7.1.1.0
2023-05-03 10:21:24,106 [WARN] PackLoader:242 - Cannot read IP mode file for STMicroelectronics.X-CUBE-MEMS1.9.6.0
2023-05-03 10:21:24,356 [WARN] PackLoader:242 - Cannot read IP mode file for STMicroelectronics.X-CUBE-BLE1.6.2.4
2023-05-03 10:21:24,503 [WARN] PackLoader:242 - Cannot read IP mode file for emotas.I-CUBE-CANOPEN.1.1.3
2023-05-03 10:21:24,634 [WARN] PackLoader:242 - Cannot read IP mode file for STMicroelectronics.X-CUBE-BLEMGR.2.0.0
2023-05-03 10:21:24,741 [WARN] ConditionMgr:437 - getConditionDescription Invalid condition id : UX DEVICE CLASS RTOS Condition cause : null
2023-05-03 10:21:24,741 [WARN] ConditionMgr:437 - getConditionDescription Invalid condition id : UX DEVICE CLASS RTOS Condition cause : null
2023-05-03 10:21:24,744 [WARN] PackLoader:242 - Cannot read IP mode file for STMicroelectronics.X-CUBE-AZRTOS-H7.3.1.0
2023-05-03 10:21:24,744 [WARN] ConditionMgr:1038 - genDependencies : Invalid condition id : UX DEVICE CLASS RTOS Condition cause : null
2023-05-03 10:21:24,744 [WARN] ConditionMgr:1038 - genDependencies : Invalid condition id : UX DEVICE CLASS RTOS Condition cause : null
2023-05-03 10:21:24,744 [WARN] ConditionMgr:1038 - genDependencies : Invalid condition id : UX DEVICE CLASS RTOS Condition cause : null
2023-05-03 10:21:24,744 [WARN] ConditionMgr:1038 - genDependencies : Invalid condition id : UX DEVICE CLASS RTOS Condition cause : null
2023-05-03 10:21:24,744 [WARN] ConditionMgr:1038 - genDependencies : Invalid condition id : UX DEVICE CLASS RTOS Condition cause : null
2023-05-03 10:21:24,759 [WARN] PackLoader:242 - Cannot read IP mode file for STMicroelectronics.X-CUBE-DISPLAY.3.0.0
2023-05-03 10:21:24,767 [WARN] PackLoader:242 - Cannot read IP mode file for wolfSSL.I-CUBE-wolfSSL.5.5.4
2023-05-03 10:21:24,772 [WARN] PackLoader:242 - Cannot read IP mode file for STMicroelectronics.X-CUBE-NFC7.1.0.0
2023-05-03 10:21:24,777 [WARN] PackLoader:242 - Cannot read IP mode file for STMicroelectronics.X-CUBE-EEPRMA1.4.1.0
2023-05-03 10:21:24,786 [WARN] PackLoader:242 - Cannot read IP mode file for WES.I-CUBE-Cesium.1.3.0
2023-05-03 10:21:24,789 [WARN] PackLoader:242 - Cannot read IP mode file for STMicroelectronics.X-CUBE-SFXS2LP1.4.0.0
2023-05-03 10:21:24,803 [WARN] PackLoader:242 - Cannot read IP mode file for STMicroelectronics.X-CUBE-BLE2.3.3.0
2023-05-03 10:21:24,815 [WARN] PackLoader:242 - Cannot read IP mode file for STMicroelectronics.X-CUBE-TOF1.3.2.0
2023-05-03 10:21:24,837 [WARN] PackLoader:242 - Cannot read IP mode file for STMicroelectronics.X-CUBE-AZRTOS-H7.3.0.0
2023-05-03 10:21:24,845 [WARN] PackLoader:242 - Cannot read IP mode file for STMicroelectronics.X-CUBE-ISPU.1.1.0
2023-05-03 10:21:24,857 [WARN] PackLoader:242 - Cannot read IP mode file for RoweBots.I-CUBE-UNISONRTOS.5.5.0-4
2023-05-03 10:21:24,863 [WARN] PackLoader:242 - Cannot read IP mode file for STMicroelectronics.X-CUBE-AI.8.0.0
2023-05-03 10:21:24,869 [WARN] PackLoader:242 - Cannot read IP mode file for STMicroelectronics.X-CUBE-FREERTOS.1.0.1
2023-05-03 10:21:24,872 [WARN] PackLoader:242 - Cannot read IP mode file for STMicroelectronics.X-CUBE-TOUCHGFX.4.21.1
2023-05-03 10:21:24,872 [WARN] PackLoader:242 - Cannot read IP mode file for STMicroelectronics.X-CUBE-TOUCHGFX.4.21.3
2023-05-03 10:21:24,872 [WARN] PackLoader:242 - Cannot read IP mode file for STMicroelectronics.X-CUBE-AI.7.3.0
2023-05-03 10:21:24,885 [WARN] PackLoader:242 - Cannot read IP mode file for STMicroelectronics.X-CUBE-ALGOBUILD.1.3.0
2023-05-03 10:21:24,889 [WARN] DbFile:40 - Overriding database path with different value: C:\Users\acer\.stmcufinder\plugins\mcufinder/ => C:\Users\acer\.stmcufinder\plugins\mcufinder
2023-05-03 10:21:24,897 [WARN] PackLoader:242 - Cannot read IP mode file for STMicroelectronics.X-CUBE-AZRTOS-L5.1.1.0
2023-05-03 10:21:24,920 [WARN] PackLoader:242 - Cannot read IP mode file for STMicroelectronics.X-CUBE-AZRTOS-G0.1.1.0
2023-05-03 10:21:24,936 [WARN] PackLoader:242 - Cannot read IP mode file for STMicroelectronics.X-CUBE-SUBG2.5.0.0
2023-05-03 10:21:24,938 [WARN] PackLoader:242 - Cannot read IP mode file for STMicroelectronics.X-CUBE-NFC4.3.0.0
2023-05-03 10:21:24,953 [WARN] PackLoader:242 - Cannot read IP mode file for STMicroelectronics.X-CUBE-AZRTOS-G4.2.0.0
2023-05-03 10:21:24,959 [INFO] ServerAccessManage:474 - Download File api_config.json
2023-05-03 10:21:24,959 [WARN] PackLoader:242 - Cannot read IP mode file for STMicroelectronics.X-CUBE-TOF1.3.3.0
2023-05-03 10:21:24,970 [WARN] PackLoader:242 - Cannot read IP mode file for STMicroelectronics.FP-ATR-ASTRA1.1.1.1
2023-05-03 10:21:24,987 [WARN] PackLoader:242 - Cannot read IP mode file for STMicroelectronics.X-CUBE-BLEMGR.1.3.0
2023-05-03 10:21:25,006 [WARN] PackLoader:242 - Cannot read IP mode file for STMicroelectronics.X-CUBE-AZRTOS-G4.1.0.0
2023-05-03 10:21:25,008 [WARN] PackLoader:242 - Cannot read IP mode file for STMicroelectronics.FP-ATR-SIGFOX1.3.2.0
2023-05-03 10:21:25,023 [WARN] PackLoader:242 - Cannot read IP mode file for STMicroelectronics.X-CUBE-AZRTOS-L4.1.0.0
2023-05-03 10:21:25,032 [WARN] PackLoader:242 - Cannot read IP mode file for STMicroelectronics.X-CUBE-AZRTOS-WL.1.0.0
2023-05-03 10:21:25,046 [WARN] PackLoader:242 - Cannot read IP mode file for portGmbH.I-Cube-SoM-uGOAL.1.1.0
2023-05-03 10:21:25,048 [WARN] PackLoader:242 - Cannot read IP mode file for STMicroelectronics.X-CUBE-ALS.1.0.1
2023-05-03 10:21:25,096 [INFO] LoadUrlFilesThread:150 - End of LoadUrlFiles Thread
2023-05-03 10:21:25,096 [WARN] PackLoader:242 - Cannot read IP mode file for STMicroelectronics.X-CUBE-MEMS1.9.5.0
2023-05-03 10:21:25,096 [INFO] DbMcusAds:52 - JSON generation date=Tue Mar 07 14:35:55 NPT 2023 (1678179055335)
2023-05-03 10:21:25,127 [INFO] LoadUrlFilesThread:179 - End of LoadServerUrlFiles without Thread
2023-05-03 10:21:25,127 [INFO] TargetSelectorAdapter:258 - Refresh data is successful
2023-05-03 10:21:25,283 [WARN] PackLoader:242 - Cannot read IP mode file for STMicroelectronics.X-CUBE-AZRTOS-WB.1.1.0
2023-05-03 10:21:25,302 [INFO] ApiDb:580 - Connected to CubeFinder SQLite database (C:\Users\acer\.stmcufinder\plugins\mcufinder\mcu\cube-finder-db.db)
2023-05-03 10:21:25,334 [WARN] PackLoader:242 - Cannot read IP mode file for SEGGER.I-CUBE-embOS.1.3.1
2023-05-03 10:21:25,381 [WARN] PackLoader:242 - Cannot read IP mode file for STMicroelectronics.FP-ATR-ASTRA1.2.0.0
2023-05-03 10:21:25,381 [INFO] ThirdParty:947 - Integrity check success = true
2023-05-03 10:21:25,381 [INFO] IntegrityCheckThread:98 - exiting critical section [integrity check]
2023-05-03 10:21:25,381 [INFO] IntegrityCheckThread:101 - End integrity checks thread
2023-05-03 10:21:25,384 [INFO] ApiDb:667 - CubeFinder database Data Model version=2.1
2023-05-03 10:21:25,384 [INFO] ApiDb:668 - CubeFinder database Configuration version=3.0.35
2023-05-03 10:21:25,384 [INFO] ApiDb:669 - CubeFinder database generation date=2023-04-03 (1680511692)
2023-05-03 10:21:25,384 [INFO] ApiDb:670 - CubeFinder database FW Pack versions=[FP-ATR-ASTRA1_V2.0.0, STM32Cube_FW_C0_V1.0.1, STM32Cube_FW_F0_V1.11.4, STM32Cube_FW_F3_V1.11.4, STM32Cube_FW_F4_V1.27.1, STM32Cube_FW_F7_V1.17.0, STM32Cube_FW_G0_V1.6.1, STM32Cube_FW_G4_V1.5.1, STM32Cube_FW_H5_V0.5.1, STM32Cube_FW_H5_V1.0.0, STM32Cube_FW_H7_V1.11.0, STM32Cube_FW_L0_V1.12.2, STM32Cube_FW_L5_V1.5.0, STM32Cube_FW_U5_V1.2.0, STM32Cube_FW_WBA_V1.0.0, STM32Cube_FW_WBA_V1.0.0RC1, STM32Cube_FW_WBA_V1.0.0RC3, STM32Cube_FW_WB_V1.15.0RC1, STM32Cube_FW_WB_V1.16.0, STM32Cube_FW_WB_V1.16.0RC2, STM32Cube_FW_WL_V1.3.0, X-CUBE-ALGOBUILD_V1.3.0, X-CUBE-ALS_V1.0.1, X-CUBE-AZRTOS-F4_V1.1.0, X-CUBE-AZRTOS-F7_V1.1.0, X-CUBE-AZRTOS-G0_V1.1.0, X-CUBE-AZRTOS-G4_V1.0.0, X-CUBE-AZRTOS-H7_V3.0.0, X-CUBE-AZRTOS-L4_V1.0.0, X-CUBE-AZRTOS-L5_V1.1.0, X-CUBE-AZRTOS-WB_V1.1.0, X-CUBE-AZRTOS-WL_V1.0.0, X-CUBE-BLE1_V6.2.4, X-CUBE-BLE2_V3.3.0, X-CUBE-BLEMGR_V1.3.0, X-CUBE-EEPRMA1_V4.1.0, X-CUBE-FREERTOS_V1.0.1, X-CUBE-GNSS1_V6.0.0, X-CUBE-MEMS1_V9.1.0, X-CUBE-MEMS1_V9.4.0, X-CUBE-MEMS1_V9.5.0, X-CUBE-NFC4_V3.0.0, X-CUBE-NFC7_V1.0.0, X-CUBE-SFXS2LP1_V4.0.0, X-CUBE-SUBG2_V5.0.0]
2023-05-03 10:21:26,943 [INFO] ApiDb:239 - Found 143 in-development CPN: [B-WB1M-WPAN1, B-WL5M-SUBG1, NUCLEO-C031C6, STEVAL-PROTEUS1, STEVAL-STWINBX1, STM320518-EVAL, STM32C0116-DK, STM32C011D6Y3TR, STM32C011D6Y6TR, STM32C011F4P3, STM32C011F4P6, STM32C011F4U3, STM32C011F4U6TR, STM32C011F6P3, STM32C011F6P6, STM32C011F6U3, STM32C011F6U6TR, STM32C011J4M3, STM32C011J4M6, STM32C011J6M3, STM32C011J6M6, STM32C0316-DK, STM32C031C4T3, STM32C031C4T6, STM32C031C4U3, STM32C031C4U6, STM32C031C6T3, STM32C031C6T6, STM32C031C6U3, STM32C031C6U6, STM32C031F4P3, STM32C031F4P6, STM32C031F6P3, STM32C031F6P6, STM32C031G4U3, STM32C031G4U6, STM32C031G6U3, STM32C031G6U6, STM32C031K4T3, STM32C031K4T6, STM32C031K4U3, STM32C031K4U6, STM32C031K6T3, STM32C031K6T6, STM32C031K6U3, STM32C031K6U6, STM32G071K8TXN, STM32G071K8UXN, STM32G081GBU6N, STM32G081KBT6N, STM32G081KBUXN, STM32G0B1CCT6N, STM32G0B1KCT6, STM32G0B1NEY6TR, STM32G0B1RCT6N, STM32G0C1CCT6, STM32G0C1CCT6N, STM32G0C1CCU6N, STM32G0C1CET6N, STM32G0C1CEU6N, STM32G0C1KCT6, STM32G0C1NEY6TR, STM32G0C1RCI6N, STM32G0C1RCT6N, STM32G0C1REI6N, STM32G0C1RET6N, STM32G0C1VCI6, STM32G0C1VEI6, STM32G471CCT6, STM32G471CCU6, STM32G471CET3, STM32G471CET6, STM32G471CEU3, STM32G471CEU6, STM32G471MCT6, STM32G471MET3, STM32G471MET6, STM32G471MEY6TR, STM32G471QCT6, STM32G471QET3, STM32G471RCT6, STM32G471RET3, STM32G471RET6, STM32G471VCH6, STM32G471VCI6, STM32G471VCT6, STM32G471VEH3, STM32G471VEH6, STM32G471VEI3, STM32G471VEI6, STM32G471VET3, STM32G471VET6, STM32G474CCT6, STM32L476VGY6PTR, STM32L4R5QGI6STR, STM32MP131AAE3, STM32MP131AAF3, STM32MP131AAG3, STM32MP131CAE3, STM32MP131CAF3, STM32MP131CAG3, STM32MP131DAE7, STM32MP131DAF7, STM32MP131DAG7, STM32MP131FAE7, STM32MP131FAF7, STM32MP131FAG7, STM32MP133AAE3, STM32MP133AAF3, STM32MP133AAG3, STM32MP133CAE3, STM32MP133CAF3, STM32MP133CAG3, STM32MP133DAE7, STM32MP133DAF7, STM32MP133DAG7, STM32MP133FAE7, STM32MP133FAF7, STM32MP133FAG7, STM32MP135AAE3, STM32MP135AAF3, STM32MP135AAG3, STM32MP135CAE3, STM32MP135CAF3, STM32MP135CAG3, STM32MP135DAE7, STM32MP135DAF7, STM32MP135DAG7, STM32MP135F-DK, STM32MP135FAE7, STM32MP135FAF7, STM32MP135FAF7T, STM32MP135FAF7U, STM32MP135FAG7, STM32U595ZJT6Q, STM32U599BJY6QTR, STM32U599NIH6Q, STM32U599NJH6Q, STM32U5A5ZJT6Q, STM32U5A9BJY6QTR, STM32U5A9NJH6Q, STM32WB1MMCH6, STM32WL5MOCH6TR]
2023-05-03 10:21:26,948 [INFO] DbMcus:215 - Found 3680 MCUs, 3680 are supported
2023-05-03 10:21:26,950 [INFO] ApiDb:422 - Load user favorites file C:\Users\acer/.stm32cubeide/favorites.mcus.txt: 0 item(s)
2023-05-03 10:21:26,950 [INFO] ApiDb:426 - User favorites MCUs=[]
2023-05-03 10:21:26,950 [INFO] DbMcus:221 - Set 0 / 0 favorites MCUs
2023-05-03 10:21:27,095 [INFO] ApiDb:667 - CubeFinder database Data Model version=2.1
2023-05-03 10:21:27,095 [INFO] ApiDb:668 - CubeFinder database Configuration version=3.0.35
2023-05-03 10:21:27,095 [INFO] ApiDb:669 - CubeFinder database generation date=2023-04-03 (1680511692)
2023-05-03 10:21:27,095 [INFO] ApiDb:670 - CubeFinder database FW Pack versions=[FP-ATR-ASTRA1_V2.0.0, STM32Cube_FW_C0_V1.0.1, STM32Cube_FW_F0_V1.11.4, STM32Cube_FW_F3_V1.11.4, STM32Cube_FW_F4_V1.27.1, STM32Cube_FW_F7_V1.17.0, STM32Cube_FW_G0_V1.6.1, STM32Cube_FW_G4_V1.5.1, STM32Cube_FW_H5_V0.5.1, STM32Cube_FW_H5_V1.0.0, STM32Cube_FW_H7_V1.11.0, STM32Cube_FW_L0_V1.12.2, STM32Cube_FW_L5_V1.5.0, STM32Cube_FW_U5_V1.2.0, STM32Cube_FW_WBA_V1.0.0, STM32Cube_FW_WBA_V1.0.0RC1, STM32Cube_FW_WBA_V1.0.0RC3, STM32Cube_FW_WB_V1.15.0RC1, STM32Cube_FW_WB_V1.16.0, STM32Cube_FW_WB_V1.16.0RC2, STM32Cube_FW_WL_V1.3.0, X-CUBE-ALGOBUILD_V1.3.0, X-CUBE-ALS_V1.0.1, X-CUBE-AZRTOS-F4_V1.1.0, X-CUBE-AZRTOS-F7_V1.1.0, X-CUBE-AZRTOS-G0_V1.1.0, X-CUBE-AZRTOS-G4_V1.0.0, X-CUBE-AZRTOS-H7_V3.0.0, X-CUBE-AZRTOS-L4_V1.0.0, X-CUBE-AZRTOS-L5_V1.1.0, X-CUBE-AZRTOS-WB_V1.1.0, X-CUBE-AZRTOS-WL_V1.0.0, X-CUBE-BLE1_V6.2.4, X-CUBE-BLE2_V3.3.0, X-CUBE-BLEMGR_V1.3.0, X-CUBE-EEPRMA1_V4.1.0, X-CUBE-FREERTOS_V1.0.1, X-CUBE-GNSS1_V6.0.0, X-CUBE-MEMS1_V9.1.0, X-CUBE-MEMS1_V9.4.0, X-CUBE-MEMS1_V9.5.0, X-CUBE-NFC4_V3.0.0, X-CUBE-NFC7_V1.0.0, X-CUBE-SFXS2LP1_V4.0.0, X-CUBE-SUBG2_V5.0.0]
2023-05-03 10:21:27,135 [INFO] DbBoardsSqlite:225 - include board P-NUCLEO-WB55-NUCLEO as a kit item of type 'Nucleo-64'
2023-05-03 10:21:27,135 [INFO] DbBoardsSqlite:225 - include board P-NUCLEO-WB55-USBDONGLE as a kit item of type 'Nucleo USB Dongle'
2023-05-03 10:21:27,135 [INFO] DbBoardsSqlite:225 - include board STEVAL-IDP005V1 as a kit item of type 'Evaluation Board'
2023-05-03 10:21:27,141 [INFO] DbBoardsSqlite:225 - include board STEVAL-IDP005V2 as a kit item of type 'Evaluation Board'
2023-05-03 10:21:27,179 [INFO] ApiDb:239 - Found 143 in-development CPN: [B-WB1M-WPAN1, B-WL5M-SUBG1, NUCLEO-C031C6, STEVAL-PROTEUS1, STEVAL-STWINBX1, STM320518-EVAL, STM32C0116-DK, STM32C011D6Y3TR, STM32C011D6Y6TR, STM32C011F4P3, STM32C011F4P6, STM32C011F4U3, STM32C011F4U6TR, STM32C011F6P3, STM32C011F6P6, STM32C011F6U3, STM32C011F6U6TR, STM32C011J4M3, STM32C011J4M6, STM32C011J6M3, STM32C011J6M6, STM32C0316-DK, STM32C031C4T3, STM32C031C4T6, STM32C031C4U3, STM32C031C4U6, STM32C031C6T3, STM32C031C6T6, STM32C031C6U3, STM32C031C6U6, STM32C031F4P3, STM32C031F4P6, STM32C031F6P3, STM32C031F6P6, STM32C031G4U3, STM32C031G4U6, STM32C031G6U3, STM32C031G6U6, STM32C031K4T3, STM32C031K4T6, STM32C031K4U3, STM32C031K4U6, STM32C031K6T3, STM32C031K6T6, STM32C031K6U3, STM32C031K6U6, STM32G071K8TXN, STM32G071K8UXN, STM32G081GBU6N, STM32G081KBT6N, STM32G081KBUXN, STM32G0B1CCT6N, STM32G0B1KCT6, STM32G0B1NEY6TR, STM32G0B1RCT6N, STM32G0C1CCT6, STM32G0C1CCT6N, STM32G0C1CCU6N, STM32G0C1CET6N, STM32G0C1CEU6N, STM32G0C1KCT6, STM32G0C1NEY6TR, STM32G0C1RCI6N, STM32G0C1RCT6N, STM32G0C1REI6N, STM32G0C1RET6N, STM32G0C1VCI6, STM32G0C1VEI6, STM32G471CCT6, STM32G471CCU6, STM32G471CET3, STM32G471CET6, STM32G471CEU3, STM32G471CEU6, STM32G471MCT6, STM32G471MET3, STM32G471MET6, STM32G471MEY6TR, STM32G471QCT6, STM32G471QET3, STM32G471RCT6, STM32G471RET3, STM32G471RET6, STM32G471VCH6, STM32G471VCI6, STM32G471VCT6, STM32G471VEH3, STM32G471VEH6, STM32G471VEI3, STM32G471VEI6, STM32G471VET3, STM32G471VET6, STM32G474CCT6, STM32L476VGY6PTR, STM32L4R5QGI6STR, STM32MP131AAE3, STM32MP131AAF3, STM32MP131AAG3, STM32MP131CAE3, STM32MP131CAF3, STM32MP131CAG3, STM32MP131DAE7, STM32MP131DAF7, STM32MP131DAG7, STM32MP131FAE7, STM32MP131FAF7, STM32MP131FAG7, STM32MP133AAE3, STM32MP133AAF3, STM32MP133AAG3, STM32MP133CAE3, STM32MP133CAF3, STM32MP133CAG3, STM32MP133DAE7, STM32MP133DAF7, STM32MP133DAG7, STM32MP133FAE7, STM32MP133FAF7, STM32MP133FAG7, STM32MP135AAE3, STM32MP135AAF3, STM32MP135AAG3, STM32MP135CAE3, STM32MP135CAF3, STM32MP135CAG3, STM32MP135DAE7, STM32MP135DAF7, STM32MP135DAG7, STM32MP135F-DK, STM32MP135FAE7, STM32MP135FAF7, STM32MP135FAF7T, STM32MP135FAF7U, STM32MP135FAG7, STM32U595ZJT6Q, STM32U599BJY6QTR, STM32U599NIH6Q, STM32U599NJH6Q, STM32U5A5ZJT6Q, STM32U5A9BJY6QTR, STM32U5A9NJH6Q, STM32WB1MMCH6, STM32WL5MOCH6TR]
2023-05-03 10:21:27,277 [INFO] BoardInfo:879 - No configuration file found for board P-NUCLEO-WB55
2023-05-03 10:21:27,277 [INFO] DbBoards:156 - Kit is not supported: P-NUCLEO-WB55
2023-05-03 10:21:27,284 [INFO] BoardInfo:879 - No configuration file found for board STEVAL-BFA001V1B
2023-05-03 10:21:27,297 [INFO] DbBoards:156 - Kit is not supported: STEVAL-BFA001V1B
2023-05-03 10:21:27,300 [INFO] BoardInfo:879 - No configuration file found for board STEVAL-BFA001V2B
2023-05-03 10:21:27,300 [INFO] DbBoards:156 - Kit is not supported: STEVAL-BFA001V2B
2023-05-03 10:21:27,407 [INFO] DbBoards:160 - Found 179 boards, 176 are supported
2023-05-03 10:21:27,410 [INFO] ApiDb:413 - User favorites file not found: C:\Users\acer/.stm32cubeide/favorites.boards.txt
2023-05-03 10:21:27,410 [INFO] DbBoards:189 - Set 0 / 0 favorites Boards
2023-05-03 10:21:27,410 [INFO] ApiDb:667 - CubeFinder database Data Model version=2.1
2023-05-03 10:21:27,410 [INFO] ApiDb:668 - CubeFinder database Configuration version=3.0.35
2023-05-03 10:21:27,410 [INFO] ApiDb:669 - CubeFinder database generation date=2023-04-03 (1680511692)
2023-05-03 10:21:27,410 [INFO] ApiDb:670 - CubeFinder database FW Pack versions=[FP-ATR-ASTRA1_V2.0.0, STM32Cube_FW_C0_V1.0.1, STM32Cube_FW_F0_V1.11.4, STM32Cube_FW_F3_V1.11.4, STM32Cube_FW_F4_V1.27.1, STM32Cube_FW_F7_V1.17.0, STM32Cube_FW_G0_V1.6.1, STM32Cube_FW_G4_V1.5.1, STM32Cube_FW_H5_V0.5.1, STM32Cube_FW_H5_V1.0.0, STM32Cube_FW_H7_V1.11.0, STM32Cube_FW_L0_V1.12.2, STM32Cube_FW_L5_V1.5.0, STM32Cube_FW_U5_V1.2.0, STM32Cube_FW_WBA_V1.0.0, STM32Cube_FW_WBA_V1.0.0RC1, STM32Cube_FW_WBA_V1.0.0RC3, STM32Cube_FW_WB_V1.15.0RC1, STM32Cube_FW_WB_V1.16.0, STM32Cube_FW_WB_V1.16.0RC2, STM32Cube_FW_WL_V1.3.0, X-CUBE-ALGOBUILD_V1.3.0, X-CUBE-ALS_V1.0.1, X-CUBE-AZRTOS-F4_V1.1.0, X-CUBE-AZRTOS-F7_V1.1.0, X-CUBE-AZRTOS-G0_V1.1.0, X-CUBE-AZRTOS-G4_V1.0.0, X-CUBE-AZRTOS-H7_V3.0.0, X-CUBE-AZRTOS-L4_V1.0.0, X-CUBE-AZRTOS-L5_V1.1.0, X-CUBE-AZRTOS-WB_V1.1.0, X-CUBE-AZRTOS-WL_V1.0.0, X-CUBE-BLE1_V6.2.4, X-CUBE-BLE2_V3.3.0, X-CUBE-BLEMGR_V1.3.0, X-CUBE-EEPRMA1_V4.1.0, X-CUBE-FREERTOS_V1.0.1, X-CUBE-GNSS1_V6.0.0, X-CUBE-MEMS1_V9.1.0, X-CUBE-MEMS1_V9.4.0, X-CUBE-MEMS1_V9.5.0, X-CUBE-NFC4_V3.0.0, X-CUBE-NFC7_V1.0.0, X-CUBE-SFXS2LP1_V4.0.0, X-CUBE-SUBG2_V5.0.0]
2023-05-03 10:21:28,091 [INFO] DbExamplesSqlite:375 - Ignored 46 examples not supported by CubeIDE
2023-05-03 10:21:28,091 [INFO] DbExamplesSqlite:376 - Found 7336 examples active
2023-05-03 10:21:28,091 [INFO] DbExamplesSqlite:377 - Found 1095 examples obsolete
2023-05-03 10:21:28,091 [INFO] DbExamplesSqlite:378 - Found 0 examples under development
2023-05-03 10:21:28,091 [INFO] DbExamplesSqlite:379 - Found 77 examples not building
2023-05-03 10:21:28,091 [INFO] DbExamples:124 - Found 7367 examples
2023-05-03 10:21:28,184 [ERROR] DbExamples:207 - Found 502 examples with invalid data (board or MCU)
2023-05-03 10:21:28,184 [INFO] DbExamples:221 - Found 85 boards with related examples
2023-05-03 10:21:28,184 [INFO] DbExamples:234 - Found 76 MCUs with related examples
2023-05-03 10:21:28,200 [INFO] ApiDb:413 - User favorites file not found: C:\Users\acer/.stm32cubeide/favorites.examples.txt
2023-05-03 10:21:28,200 [INFO] DbExamples:249 - Set 0 / 0 favorites Examples
2023-05-03 10:21:28,509 [INFO] McuFinderGlobals:65 - Set McuFinderConnectedMode to true
2023-05-03 10:21:28,556 [INFO] MultiScanPanel:196 - Auto-refresh data requested => check proxy status ongoing
2023-05-03 10:21:28,572 [INFO] FinderPluginLoader:92 - Searching for filters in installed packs
2023-05-03 10:21:29,929 [INFO] LoadUrlFilesThread:179 - End of LoadServerUrlFiles without Thread
2023-05-03 10:21:29,937 [INFO] DetailPanel:339 - Set advertising image to C:/Users/acer/STM32Cube/Repository/\en.prom-stm32h5-mcu-finder.jpg
2023-05-03 10:21:40,884 [INFO] MultiScanPanel:196 - Auto-refresh data requested => check proxy status ongoing
2023-05-03 10:21:41,098 [INFO] LoadUrlFilesThread:179 - End of LoadServerUrlFiles without Thread
2023-05-03 10:21:41,098 [INFO] DetailPanel:339 - Set advertising image to C:/Users/acer/STM32Cube/Repository/\en.prom-stm32h5-mcu-finder.jpg
2023-05-03 10:21:41,215 [INFO] DbBoards:633 - Loading board mini-images...
2023-05-03 10:21:43,196 [INFO] DbBoards:656 - Loaded 179 board mini-images
2023-05-03 10:22:00,329 [INFO] McuFinderGlobals:65 - Set McuFinderConnectedMode to true
2023-05-03 10:22:00,329 [INFO] ApiDb:447 - Save user favorites file C:\Users\acer/.stm32cubeide/favorites.mcus.txt: 0 item(s)
2023-05-03 10:22:00,333 [INFO] ApiDb:451 - User favorites MCUs=[]
2023-05-03 10:22:00,333 [INFO] ApiDb:447 - Save user favorites file C:\Users\acer/.stm32cubeide/favorites.boards.txt: 0 item(s)
2023-05-03 10:22:00,333 [INFO] ApiDb:451 - User favorites Boards=[]
2023-05-03 23:40:42,122 [INFO] WebAppUi:459 - Close the Jxbrowser engine manually
2023-05-03 23:40:42,574 [INFO] WebAppUi:462 - Profiles folder deleted
2023-05-03 23:40:43,840 [ERROR] LogOutputStream:74 - [STDERR_REDIRECT] 
2023-05-04 21:41:48,604 [INFO] Activator:179 - 


2023-05-04 21:41:48,607 [INFO] Activator:180 - !SESSION log4j initialized
2023-05-04 21:42:21,692 [ERROR] LogOutputStream:74 - [STDERR_REDIRECT] SLF4J: Failed to load class "org.slf4j.impl.StaticLoggerBinder".
2023-05-04 21:42:21,708 [ERROR] LogOutputStream:74 - [STDERR_REDIRECT] SLF4J: Defaulting to no-operation (NOP) logger implementation
2023-05-04 21:42:21,709 [ERROR] LogOutputStream:74 - [STDERR_REDIRECT] SLF4J: See http://www.slf4j.org/codes.html#StaticLoggerBinder for further details.
